This is dvips(k) 5.995 Copyright 2015 Radical Eye Software (www.radicaleye.com)
' TeX output 2016.01.28:1630' -> yuhowNote.ps
</usr/local/texlive/2015/texmf-dist/dvips/base/tex.pro>
</usr/local/texlive/2015/texmf-dist/dvips/pstricks/pstricks.pro>
</usr/local/texlive/2015/texmf-dist/dvips/pstricks/pst-algparser.pro>
</usr/local/texlive/2015/texmf-dist/dvips/pst-tools/pst-tools.pro>
</usr/local/texlive/2015/texmf-dist/dvips/pstricks/pst-dots.pro>
</usr/local/texlive/2015/texmf-dist/dvips/pst-node/pst-node.pro>
</usr/local/texlive/2015/texmf-dist/dvips/pst-grad/pst-grad.pro>
</usr/local/texlive/2015/texmf-dist/dvips/pst-coil/pst-coil.pro>
</usr/local/texlive/2015/texmf-dist/dvips/pst-text/pst-text.pro>
</usr/local/texlive/2015/texmf-dist/dvips/pst-3d/pst-3d.pro>
</usr/local/texlive/2015/texmf-dist/dvips/pst-math/pst-math.pro>
</usr/local/texlive/2015/texmf-dist/dvips/pstricks-add/pstricks-add.pro>
</usr/local/texlive/2015/texmf-dist/dvips/base/texps.pro>
</usr/local/texlive/2015/texmf-dist/dvips/base/special.pro>. 
</usr/local/texlive/2015/texmf-dist/fonts/type1/public/txfonts/t1xbtt.pfb>
</usr/local/texlive/2015/texmf-dist/fonts/type1/public/txfonts/t1xtt.pfb>
</usr/local/texlive/2015/texmf-dist/fonts/type1/public/amsfonts/cm/cmmi6.pfb>
</usr/local/texlive/2015/texmf-dist/fonts/type1/public/amsfonts/cm/cmsy6.pfb>
</usr/local/texlive/2015/texmf-dist/fonts/type1/public/amsfonts/cm/cmex10.pfb>
</usr/local/texlive/2015/texmf-dist/fonts/type1/public/amsfonts/cm/cmr10.pfb>
</usr/local/texlive/2015/texmf-dist/fonts/type1/public/amsfonts/cm/cmr6.pfb>
</usr/local/texlive/2015/texmf-dist/fonts/type1/public/amsfonts/cm/cmti12.pfb>
</usr/local/texlive/2015/texmf-dist/fonts/type1/public/amsfonts/cm/cmmi8.pfb>
</usr/local/texlive/2015/texmf-dist/fonts/type1/public/amsfonts/cm/cmr8.pfb>
</usr/local/texlive/2015/texmf-dist/fonts/type1/public/amsfonts/cm/cmsy10.pfb>
</usr/local/texlive/2015/texmf-dist/fonts/type1/public/amsfonts/cm/cmsy8.pfb>
</usr/local/texlive/2015/texmf-dist/fonts/type1/public/amsfonts/cm/cmmi12.pfb>
</usr/local/texlive/2015/texmf-dist/fonts/type1/public/amsfonts/cm/cmbx12.pfb>
</usr/local/texlive/2015/texmf-dist/fonts/type1/public/amsfonts/cm/cmr12.pfb>
</usr/local/texlive/2015/texmf-dist/fonts/type1/public/amsfonts/cm/cmr17.pfb>
[1] [2] [3] [4<./diagram/mesh_and_ce_se_v1.eps>
dvips:  expected to see %%EndBinary at end of data; struggling on
dvips:  expected to see %%EndBinary at end of data; struggling on
dvips:  expected to see %%EndBinary at end of data; struggling on
dvips:  expected to see %%EndBinary at end of data; struggling on
dvips:  expected to see %%EndBinary at end of data; struggling on
dvips:  expected to see %%EndBinary at end of data; struggling on
] [5] [6] [7<./diagram/sod_shock_tube_1D.eps>] [8
<./diagram/sod_shock_tube_1D_no_diaphragm.eps><./diagram/mesh_and_ce.eps>
dvips:  expected to see %%EndBinary at end of data; struggling on
dvips:  expected to see %%EndBinary at end of data; struggling on
dvips:  expected to see %%EndBinary at end of data; struggling on
dvips:  expected to see %%EndBinary at end of data; struggling on
dvips:  expected to see %%EndBinary at end of data; struggling on
dvips:  expected to see %%EndBinary at end of data; struggling on
] [9] [10] [11] [12] [13] [14] [15] [16] [17] 
