This is pdfTeX, Version 3.14159265-2.6-1.40.16 (TeX Live 2015) (preloaded format=latex 2015.11.30)  28 JAN 2016 16:30
entering extended mode
 restricted \write18 enabled.
 %&-line parsing enabled.
**yuhowNote.tex
(./yuhowNote.tex
LaTeX2e <2015/01/01>
Babel <3.9l> and hyphenation patterns for 79 languages loaded.
(/usr/local/texlive/2015/texmf-dist/tex/latex/base/article.cls
Document Class: article 2014/09/29 v1.4h Standard LaTeX document class
(/usr/local/texlive/2015/texmf-dist/tex/latex/base/size12.clo
File: size12.clo 2014/09/29 v1.4h Standard LaTeX file (size option)
)
\c@part=\count79
\c@section=\count80
\c@subsection=\count81
\c@subsubsection=\count82
\c@paragraph=\count83
\c@subparagraph=\count84
\c@figure=\count85
\c@table=\count86
\abovecaptionskip=\skip41
\belowcaptionskip=\skip42
\bibindent=\dimen102
)
(/usr/local/texlive/2015/texmf-dist/tex/latex/geometry/geometry.sty
Package: geometry 2010/09/12 v5.6 Page Geometry

(/usr/local/texlive/2015/texmf-dist/tex/latex/graphics/keyval.sty
Package: keyval 2014/10/28 v1.15 key=value parser (DPC)
\KV@toks@=\toks14
)
(/usr/local/texlive/2015/texmf-dist/tex/generic/oberdiek/ifpdf.sty
Package: ifpdf 2011/01/30 v2.3 Provides the ifpdf switch (HO)
Package ifpdf Info: pdfTeX in PDF mode is not detected.
)
(/usr/local/texlive/2015/texmf-dist/tex/generic/oberdiek/ifvtex.sty
Package: ifvtex 2010/03/01 v1.5 Detect VTeX and its facilities (HO)
Package ifvtex Info: VTeX not detected.
)
(/usr/local/texlive/2015/texmf-dist/tex/generic/ifxetex/ifxetex.sty
Package: ifxetex 2010/09/12 v0.6 Provides ifxetex conditional
)
\Gm@cnth=\count87
\Gm@cntv=\count88
\c@Gm@tempcnt=\count89
\Gm@bindingoffset=\dimen103
\Gm@wd@mp=\dimen104
\Gm@odd@mp=\dimen105
\Gm@even@mp=\dimen106
\Gm@layoutwidth=\dimen107
\Gm@layoutheight=\dimen108
\Gm@layouthoffset=\dimen109
\Gm@layoutvoffset=\dimen110
\Gm@dimlist=\toks15
)
(/usr/local/texlive/2015/texmf-dist/tex/latex/hyperref/hyperref.sty
Package: hyperref 2012/11/06 v6.83m Hypertext links for LaTeX

(/usr/local/texlive/2015/texmf-dist/tex/generic/oberdiek/hobsub-hyperref.sty
Package: hobsub-hyperref 2012/05/28 v1.13 Bundle oberdiek, subset hyperref (HO)


(/usr/local/texlive/2015/texmf-dist/tex/generic/oberdiek/hobsub-generic.sty
Package: hobsub-generic 2012/05/28 v1.13 Bundle oberdiek, subset generic (HO)
Package: hobsub 2012/05/28 v1.13 Construct package bundles (HO)
Package: infwarerr 2010/04/08 v1.3 Providing info/warning/error messages (HO)
Package: ltxcmds 2011/11/09 v1.22 LaTeX kernel commands for general use (HO)
Package: ifluatex 2010/03/01 v1.3 Provides the ifluatex switch (HO)
Package ifluatex Info: LuaTeX not detected.
Package hobsub Info: Skipping package `ifvtex' (already loaded).
Package: intcalc 2007/09/27 v1.1 Expandable calculations with integers (HO)
Package hobsub Info: Skipping package `ifpdf' (already loaded).
Package: etexcmds 2011/02/16 v1.5 Avoid name clashes with e-TeX commands (HO)
Package etexcmds Info: Could not find \expanded.
(etexcmds)             That can mean that you are not using pdfTeX 1.50 or
(etexcmds)             that some package has redefined \expanded.
(etexcmds)             In the latter case, load this package earlier.
Package: kvsetkeys 2012/04/25 v1.16 Key value parser (HO)
Package: kvdefinekeys 2011/04/07 v1.3 Define keys (HO)
Package: pdftexcmds 2011/11/29 v0.20 Utility functions of pdfTeX for LuaTeX (HO
)
Package pdftexcmds Info: LuaTeX not detected.
Package pdftexcmds Info: \pdf@primitive is available.
Package pdftexcmds Info: \pdf@ifprimitive is available.
Package pdftexcmds Info: \pdfdraftmode is ignored in DVI mode.
Package: pdfescape 2011/11/25 v1.13 Implements pdfTeX's escape features (HO)
Package: bigintcalc 2012/04/08 v1.3 Expandable calculations on big integers (HO
)
Package: bitset 2011/01/30 v1.1 Handle bit-vector datatype (HO)
Package: uniquecounter 2011/01/30 v1.2 Provide unlimited unique counter (HO)
)
Package hobsub Info: Skipping package `hobsub' (already loaded).
Package: letltxmacro 2010/09/02 v1.4 Let assignment for LaTeX macros (HO)
Package: hopatch 2012/05/28 v1.2 Wrapper for package hooks (HO)
Package: xcolor-patch 2011/01/30 xcolor patch
Package: atveryend 2011/06/30 v1.8 Hooks at the very end of document (HO)
Package atveryend Info: \enddocument detected (standard20110627).
Package: atbegshi 2011/10/05 v1.16 At begin shipout hook (HO)
Package: refcount 2011/10/16 v3.4 Data extraction from label references (HO)
Package: hycolor 2011/01/30 v1.7 Color options for hyperref/bookmark (HO)
)
(/usr/local/texlive/2015/texmf-dist/tex/latex/oberdiek/auxhook.sty
Package: auxhook 2011/03/04 v1.3 Hooks for auxiliary files (HO)
)
(/usr/local/texlive/2015/texmf-dist/tex/latex/oberdiek/kvoptions.sty
Package: kvoptions 2011/06/30 v3.11 Key value format for package options (HO)
)
\@linkdim=\dimen111
\Hy@linkcounter=\count90
\Hy@pagecounter=\count91

(/usr/local/texlive/2015/texmf-dist/tex/latex/hyperref/pd1enc.def
File: pd1enc.def 2012/11/06 v6.83m Hyperref: PDFDocEncoding definition (HO)
)
\Hy@SavedSpaceFactor=\count92

(/usr/local/texlive/2015/texmf-dist/tex/latex/latexconfig/hyperref.cfg
File: hyperref.cfg 2002/06/06 v1.2 hyperref configuration of TeXLive
)
Package hyperref Info: Option `colorlinks' set `true' on input line 4319.
Package hyperref Info: Hyper figures OFF on input line 4443.
Package hyperref Info: Link nesting OFF on input line 4448.
Package hyperref Info: Hyper index ON on input line 4451.
Package hyperref Info: Plain pages OFF on input line 4458.
Package hyperref Info: Backreferencing OFF on input line 4463.
Package hyperref Info: Implicit mode ON; LaTeX internals redefined.
Package hyperref Info: Bookmarks ON on input line 4688.
\c@Hy@tempcnt=\count93

(/usr/local/texlive/2015/texmf-dist/tex/latex/url/url.sty
\Urlmuskip=\muskip10
Package: url 2013/09/16  ver 3.4  Verb mode for urls, etc.
)
LaTeX Info: Redefining \url on input line 5041.
\XeTeXLinkMargin=\dimen112
\Fld@menulength=\count94
\Field@Width=\dimen113
\Fld@charsize=\dimen114
Package hyperref Info: Hyper figures OFF on input line 6295.
Package hyperref Info: Link nesting OFF on input line 6300.
Package hyperref Info: Hyper index ON on input line 6303.
Package hyperref Info: backreferencing OFF on input line 6310.
Package hyperref Info: Link coloring ON on input line 6313.
Package hyperref Info: Link coloring with OCG OFF on input line 6320.
Package hyperref Info: PDF/A mode OFF on input line 6325.
LaTeX Info: Redefining \ref on input line 6365.
LaTeX Info: Redefining \pageref on input line 6369.
\Hy@abspage=\count95
\c@Item=\count96
\c@Hfootnote=\count97
)

Package hyperref Message: Driver: hdvips.

(/usr/local/texlive/2015/texmf-dist/tex/latex/hyperref/hdvips.def
File: hdvips.def 2012/11/06 v6.83m Hyperref driver for dvips

(/usr/local/texlive/2015/texmf-dist/tex/latex/hyperref/pdfmark.def
File: pdfmark.def 2012/11/06 v6.83m Hyperref definitions for pdfmark specials
\pdf@docset=\toks16
\pdf@box=\box26
\pdf@toks=\toks17
\pdf@defaulttoks=\toks18
\HyField@AnnotCount=\count98
\Fld@listcount=\count99
\c@bookmark@seq@number=\count100

(/usr/local/texlive/2015/texmf-dist/tex/latex/oberdiek/rerunfilecheck.sty
Package: rerunfilecheck 2011/04/15 v1.7 Rerun checks for auxiliary files (HO)
Package uniquecounter Info: New unique counter `rerunfilecheck' on input line 2
82.
)
\Hy@SectionHShift=\skip43
))
(/usr/local/texlive/2015/texmf-dist/tex/latex/amsmath/amsmath.sty
Package: amsmath 2013/01/14 v2.14 AMS math features
\@mathmargin=\skip44

For additional information on amsmath, use the `?' option.
(/usr/local/texlive/2015/texmf-dist/tex/latex/amsmath/amstext.sty
Package: amstext 2000/06/29 v2.01

(/usr/local/texlive/2015/texmf-dist/tex/latex/amsmath/amsgen.sty
File: amsgen.sty 1999/11/30 v2.0
\@emptytoks=\toks19
\ex@=\dimen115
))
(/usr/local/texlive/2015/texmf-dist/tex/latex/amsmath/amsbsy.sty
Package: amsbsy 1999/11/29 v1.2d
\pmbraise@=\dimen116
)
(/usr/local/texlive/2015/texmf-dist/tex/latex/amsmath/amsopn.sty
Package: amsopn 1999/12/14 v2.01 operator names
)
\inf@bad=\count101
LaTeX Info: Redefining \frac on input line 210.
\uproot@=\count102
\leftroot@=\count103
LaTeX Info: Redefining \overline on input line 306.
\classnum@=\count104
\DOTSCASE@=\count105
LaTeX Info: Redefining \ldots on input line 378.
LaTeX Info: Redefining \dots on input line 381.
LaTeX Info: Redefining \cdots on input line 466.
\Mathstrutbox@=\box27
\strutbox@=\box28
\big@size=\dimen117
LaTeX Font Info:    Redeclaring font encoding OML on input line 566.
LaTeX Font Info:    Redeclaring font encoding OMS on input line 567.
\macc@depth=\count106
\c@MaxMatrixCols=\count107
\dotsspace@=\muskip11
\c@parentequation=\count108
\dspbrk@lvl=\count109
\tag@help=\toks20
\row@=\count110
\column@=\count111
\maxfields@=\count112
\andhelp@=\toks21
\eqnshift@=\dimen118
\alignsep@=\dimen119
\tagshift@=\dimen120
\tagwidth@=\dimen121
\totwidth@=\dimen122
\lineht@=\dimen123
\@envbody=\toks22
\multlinegap=\skip45
\multlinetaggap=\skip46
\mathdisplay@stack=\toks23
LaTeX Info: Redefining \[ on input line 2665.
LaTeX Info: Redefining \] on input line 2666.
)
(/usr/local/texlive/2015/texmf-dist/tex/latex/amsfonts/amssymb.sty
Package: amssymb 2013/01/14 v3.01 AMS font symbols

(/usr/local/texlive/2015/texmf-dist/tex/latex/amsfonts/amsfonts.sty
Package: amsfonts 2013/01/14 v3.01 Basic AMSFonts support
\symAMSa=\mathgroup4
\symAMSb=\mathgroup5
LaTeX Font Info:    Overwriting math alphabet `\mathfrak' in version `bold'
(Font)                  U/euf/m/n --> U/euf/b/n on input line 106.
))
(/usr/local/texlive/2015/texmf-dist/tex/latex/amscls/amsthm.sty
Package: amsthm 2015/03/04 v2.20.2
\thm@style=\toks24
\thm@bodyfont=\toks25
\thm@headfont=\toks26
\thm@notefont=\toks27
\thm@headpunct=\toks28
\thm@preskip=\skip47
\thm@postskip=\skip48
\thm@headsep=\skip49
\dth@everypar=\toks29
)
(/usr/local/texlive/2015/texmf-dist/tex/latex/graphics/color.sty
Package: color 2014/10/28 v1.1a Standard LaTeX Color (DPC)

(/usr/local/texlive/2015/texmf-dist/tex/latex/latexconfig/color.cfg
File: color.cfg 2007/01/18 v1.5 color configuration of teTeX/TeXLive
)
Package color Info: Driver file: dvips.def on input line 142.

(/usr/local/texlive/2015/texmf-dist/tex/latex/graphics/dvips.def
File: dvips.def 2014/10/14 v3.0j Driver-dependent file (DPC,SPQR)
)
(/usr/local/texlive/2015/texmf-dist/tex/latex/graphics/dvipsnam.def
File: dvipsnam.def 2014/10/14 v3.0j Driver-dependent file (DPC,SPQR)
))
(/usr/local/texlive/2015/texmf-dist/tex/latex/graphics/graphicx.sty
Package: graphicx 2014/10/28 v1.0g Enhanced LaTeX Graphics (DPC,SPQR)

(/usr/local/texlive/2015/texmf-dist/tex/latex/graphics/graphics.sty
Package: graphics 2014/10/28 v1.0p Standard LaTeX Graphics (DPC,SPQR)

(/usr/local/texlive/2015/texmf-dist/tex/latex/graphics/trig.sty
Package: trig 1999/03/16 v1.09 sin cos tan (DPC)
)
(/usr/local/texlive/2015/texmf-dist/tex/latex/latexconfig/graphics.cfg
File: graphics.cfg 2010/04/23 v1.9 graphics configuration of TeX Live
)
Package graphics Info: Driver file: dvips.def on input line 94.
)
\Gin@req@height=\dimen124
\Gin@req@width=\dimen125
)
(/usr/local/texlive/2015/texmf-dist/tex/latex/pdfpages/pdfpages.sty
Package: pdfpages 2015/05/11 v0.4x Insert pages of external PDF documents (AM)

(/usr/local/texlive/2015/texmf-dist/tex/latex/base/ifthen.sty
Package: ifthen 2014/09/29 v1.1c Standard LaTeX ifthen package (DPC)
)
(/usr/local/texlive/2015/texmf-dist/tex/latex/tools/calc.sty
Package: calc 2014/10/28 v4.3 Infix arithmetic (KKT,FJ)
\calc@Acount=\count113
\calc@Bcount=\count114
\calc@Adimen=\dimen126
\calc@Bdimen=\dimen127
\calc@Askip=\skip50
\calc@Bskip=\skip51
LaTeX Info: Redefining \setlength on input line 80.
LaTeX Info: Redefining \addtolength on input line 81.
\calc@Ccount=\count115
\calc@Cskip=\skip52
)
(/usr/local/texlive/2015/texmf-dist/tex/latex/eso-pic/eso-pic.sty
Package: eso-pic 2015/04/20 v2.0e eso-pic (RN)
)
\AM@pagewidth=\dimen128
\AM@pageheight=\dimen129

(/usr/local/texlive/2015/texmf-dist/tex/latex/pdfpages/ppdvips.def
File: ppdvips.def 2015/05/11 v0.4x Pdfpages driver for dvips (AM)
)
\AM@pagebox=\box29
\AM@toc@title=\toks30
\c@AM@survey=\count116
\AM@templatesizebox=\box30
)
(/usr/local/texlive/2015/texmf-dist/tex/latex/graphics/epsfig.sty
Package: epsfig 1999/02/16 v1.7a (e)psfig emulation (SPQR)
\epsfxsize=\dimen130
\epsfysize=\dimen131
)
(/usr/local/texlive/2015/texmf-dist/tex/latex/pstricks/pst-all.sty
Package: pst-all 2008/01/01 the main pstricks tools

(/usr/local/texlive/2015/texmf-dist/tex/latex/pstricks/pstricks.sty
Package: pstricks 2013/12/12 v0.60 LaTeX wrapper for `PSTricks' (RN,HV)

(/usr/local/texlive/2015/texmf-dist/tex/generic/pstricks/pstricks.tex
(/usr/local/texlive/2015/texmf-dist/tex/generic/xkeyval/pst-xkey.tex
File: pst-xkey.tex 2005/11/25 v1.6 PSTricks specialization of xkeyval (HA)

(/usr/local/texlive/2015/texmf-dist/tex/latex/xkeyval/xkeyval.sty
Package: xkeyval 2014/12/03 v2.7a package option processing (HA)

(/usr/local/texlive/2015/texmf-dist/tex/generic/xkeyval/xkeyval.tex
(/usr/local/texlive/2015/texmf-dist/tex/generic/xkeyval/xkvutils.tex
\XKV@toks=\toks31
\XKV@tempa@toks=\toks32
)
\XKV@depth=\count117
File: xkeyval.tex 2014/12/03 v2.7a key=value parser (HA)
)))
(/usr/local/texlive/2015/texmf-dist/tex/generic/pstricks/pst-fp.tex
`pst-fp' v0.05, 2010/01/17 (hv)
\pstFP@xs=\count118
\pstFP@xia=\count119
\pstFP@xib=\count120
\pstFP@xfa=\count121
\pstFP@xfb=\count122
\pstFP@rega=\count123
\pstFP@regb=\count124
\pstFP@regs=\count125
\pstFP@times=\count126
)
(/usr/local/texlive/2015/texmf-dist/tex/generic/pgf/utilities/pgfutil-common.te
x
\pgfutil@everybye=\toks33
\pgfutil@tempdima=\dimen132
\pgfutil@tempdimb=\dimen133

(/usr/local/texlive/2015/texmf-dist/tex/generic/pgf/utilities/pgfutil-common-li
sts.tex))
(/usr/local/texlive/2015/texmf-dist/tex/generic/pgf/utilities/pgfkeys.code.tex
\pgfkeys@pathtoks=\toks34
\pgfkeys@temptoks=\toks35

(/usr/local/texlive/2015/texmf-dist/tex/generic/pgf/utilities/pgfkeysfiltered.c
ode.tex
\pgfkeys@tmptoks=\toks36
))
(/usr/local/texlive/2015/texmf-dist/tex/generic/pgf/utilities/pgffor.code.tex
(/usr/local/texlive/2015/texmf-dist/tex/generic/pgf/math/pgfmath.code.tex
(/usr/local/texlive/2015/texmf-dist/tex/generic/pgf/math/pgfmathcalc.code.tex
(/usr/local/texlive/2015/texmf-dist/tex/generic/pgf/math/pgfmathutil.code.tex
\pgf@x=\dimen134
\pgf@xa=\dimen135
\pgf@xb=\dimen136
\pgf@xc=\dimen137
\pgf@y=\dimen138
\pgf@ya=\dimen139
\pgf@yb=\dimen140
\pgf@yc=\dimen141
\c@pgf@counta=\count127
\c@pgf@countb=\count128
\c@pgf@countc=\count129
\c@pgf@countd=\count130
\pgfutil@tempcnta=\count131
\pgfutil@tempcntb=\count132
)
(/usr/local/texlive/2015/texmf-dist/tex/generic/pgf/math/pgfmathparser.code.tex
\pgfmath@dimen=\dimen142
\pgfmath@count=\count133
\pgfmath@box=\box31
\pgfmath@toks=\toks37
\pgfmath@stack@operand=\toks38
\pgfmath@stack@operation=\toks39
)
(/usr/local/texlive/2015/texmf-dist/tex/generic/pgf/math/pgfmathfunctions.code.
tex
(/usr/local/texlive/2015/texmf-dist/tex/generic/pgf/math/pgfmathfunctions.basic
.code.tex)
(/usr/local/texlive/2015/texmf-dist/tex/generic/pgf/math/pgfmathfunctions.trigo
nometric.code.tex)
(/usr/local/texlive/2015/texmf-dist/tex/generic/pgf/math/pgfmathfunctions.rando
m.code.tex)
(/usr/local/texlive/2015/texmf-dist/tex/generic/pgf/math/pgfmathfunctions.compa
rison.code.tex)
(/usr/local/texlive/2015/texmf-dist/tex/generic/pgf/math/pgfmathfunctions.base.
code.tex)
(/usr/local/texlive/2015/texmf-dist/tex/generic/pgf/math/pgfmathfunctions.round
.code.tex)
(/usr/local/texlive/2015/texmf-dist/tex/generic/pgf/math/pgfmathfunctions.misc.
code.tex)
(/usr/local/texlive/2015/texmf-dist/tex/generic/pgf/math/pgfmathfunctions.integ
erarithmetics.code.tex)))
(/usr/local/texlive/2015/texmf-dist/tex/generic/pgf/math/pgfmathfloat.code.tex
\c@pgfmathroundto@lastzeros=\count134
))
\pgffor@iter=\dimen143
\pgffor@skip=\dimen144
\pgffor@stack=\toks40
\pgffor@toks=\toks41
)
\psLoopIndex=\count135

`PSTricks' v2.60  <2014/10/25> (tvz)
\pst@dima=\dimen145
\pst@dimb=\dimen146
\pst@dimc=\dimen147
\pst@dimd=\dimen148
\pst@dimg=\dimen149
\pst@dimh=\dimen150
\pst@dimm=\dimen151
\pst@dimn=\dimen152
\pst@dimo=\dimen153
\pst@dimp=\dimen154
\pst@hbox=\box32
\pst@ibox=\box33
\pst@boxg=\box34
\pst@cnta=\count136
\pst@cntb=\count137
\pst@cntc=\count138
\pst@cntd=\count139
\pst@cntg=\count140
\pst@cnth=\count141
\pst@cntm=\count142
\pst@cntn=\count143
\pst@cnto=\count144
\pst@cntp=\count145
\@zero=\count146
\pst@toks=\toks42
(/usr/local/texlive/2015/texmf-dist/tex/generic/pstricks/pstricks.con)
\psunit=\dimen155
\psxunit=\dimen156
\psyunit=\dimen157
\pst@C@@rType=\count147
\pslinewidth=\dimen158
\psk@startLW=\dimen159
\psk@endLW=\dimen160
\pst@customdefs=\toks43
\pslinearc=\dimen161
\pst@symbolStep=\dimen162
\pst@symbolWidth=\dimen163
\pst@symbolLinewidth=\dimen164
\everypsbox=\toks44
\psframesep=\dimen165
\pslabelsep=\dimen166
\sh@wgridXunit=\dimen167
\sh@wgridYunit=\dimen168
\pst@shift=\dimen169
)
File: pstricks.tex 2014/10/25 v2.60 `PSTricks' (tvz,hv)

(/usr/local/texlive/2015/texmf-dist/tex/generic/pstricks/pst-fp.tex)
File: pst-fp.tex 2014/10/25 v2.60 `PST-fp' (hv)

(/usr/local/texlive/2015/texmf-dist/tex/latex/xcolor/xcolor.sty
Package: xcolor 2007/01/21 v2.11 LaTeX color extensions (UK)

(/usr/local/texlive/2015/texmf-dist/tex/latex/latexconfig/color.cfg
File: color.cfg 2007/01/18 v1.5 color configuration of teTeX/TeXLive
)
Package xcolor Info: Driver file: dvips.def on input line 225.
LaTeX Info: Redefining \color on input line 702.
Package xcolor Info: Model `cmy' substituted by `cmy0' on input line 1337.
Package xcolor Info: Model `RGB' extended on input line 1353.
Package xcolor Info: Model `HTML' substituted by `rgb' on input line 1355.
Package xcolor Info: Model `Hsb' substituted by `hsb' on input line 1356.
Package xcolor Info: Model `tHsb' substituted by `hsb' on input line 1357.
Package xcolor Info: Model `HSB' substituted by `hsb' on input line 1358.
Package xcolor Info: Model `Gray' substituted by `gray' on input line 1359.
Package xcolor Info: Model `wave' substituted by `hsb' on input line 1360.
))
(/usr/local/texlive/2015/texmf-dist/tex/latex/pst-plot/pst-plot.sty
Package: pst-plot 2011/06/05 v1.00 LaTeX wrapper for `pst-plot' (HV)

(/usr/local/texlive/2015/texmf-dist/tex/latex/xkeyval/pst-xkey.sty
Package: pst-xkey 2005/11/25 v1.6 package wrapper for pst-xkey.tex (HA)
)
(/usr/local/texlive/2015/texmf-dist/tex/latex/multido/multido.sty
Package: multido 2004/05/17 package wrapper for PSTricks `multido.tex', (HV/RN)


(/usr/local/texlive/2015/texmf-dist/tex/generic/multido/multido.tex
 v1.42, 2010/05/14 <tvz>
\multido@count=\count148
\multidocount=\count149
\multido@stuff=\toks45
)
File: multido.tex 2010/05/14 v1.42 `multido' (tvz,hv)
)
Package: pst-plot 2011/04/13 package wrapper for pst-plot.tex (hv)

(/usr/local/texlive/2015/texmf-dist/tex/generic/pst-plot/pst-plot.tex
(/usr/local/texlive/2015/texmf-dist/tex/generic/pst-tools/pst-tools.tex
`PST-tools' v0.05, 2014/05/12 (hv))  v1.70, 2014/08/23 (tvz,hv)
\pstRadUnit=\dimen170
\pstRadUnitInv=\dimen171
\pst@linecnt=\count150
\RCD@file=\read1
\psxlabelsep=\dimen172
\psylabelsep=\dimen173
\psk@subticksize=\dimen174
\pst@xticksizeA=\dimen175
\pst@xticksizeB=\dimen176
\pst@xticksizeC=\dimen177
\pst@yticksizeA=\dimen178
\pst@yticksizeB=\dimen179
\pst@yticksizeC=\dimen180
\@digitcounter=\count151
\psk@llx=\dimen181
\psk@lly=\dimen182
\psk@urx=\dimen183
\psk@ury=\dimen184
\pst@xunit=\dimen185
\pst@yunit=\dimen186
)
File: pst-plot.tex 2014/08/23 1.70 `pst-plot' (tvz,hv)
)
(/usr/local/texlive/2015/texmf-dist/tex/latex/pst-node/pst-node.sty
Package: pst-node 2012/09/18 v1.01 LaTeX wrapper for `pst-node' (HV)
Package: pst-node 2010/04/22 package wrapper for pst-node.tex

(/usr/local/texlive/2015/texmf-dist/tex/generic/pst-node/pst-node.tex
 v1.35, 2014/08/04
\psrow=\count152
\pscol=\count153
\psmatrixcnt=\count154
\psrowsep=\skip53
\pscolsep=\skip54
\pst@args=\count155
\num@pts=\count156
\pst@argcnt=\count157
)
File: pst-node.tex 2014/08/04 1.35 `pst-node' (tvz,hv)
)
(/usr/local/texlive/2015/texmf-dist/tex/latex/pst-tree/pst-tree.sty
Package: pst-tree 2009/01/25 package wrapper for pst-tree.tex

(/usr/local/texlive/2015/texmf-dist/tex/generic/pst-tree/pst-tree.tex
 v1.12, 2011/02/28(tvz,dg,hv)
\pstree@rootbox=\box35
\pstree@box=\box36
\psnodecnt=\count158
\pstreelevel=\count159
\pstreecnt=\count160
\pstree@cnt=\count161
\pstree@stop=\count162
)
File: pst-tree.tex 2011/02/28 1.12 `pst-tree' (tvz,hv)
)
(/usr/local/texlive/2015/texmf-dist/tex/latex/pst-grad/pst-grad.sty
Package: pst-grad 2004/07/15 package wrapper for pst-grad.tex (hv)

(/usr/local/texlive/2015/texmf-dist/tex/generic/pst-grad/pst-grad.tex
`pst-grad' v1.06, 2006/11/27 (tvz,dg,hv))
File: pst-grad.tex 2006/11/27 1.06 `pst-grad' (tvz)
)
(/usr/local/texlive/2015/texmf-dist/tex/latex/pst-coil/pst-coil.sty
Package: pst-coil 2010/02/01 package wrapper for pst-coil.tex (hv)

(/usr/local/texlive/2015/texmf-dist/tex/generic/pst-coil/pst-coil.tex
 v1.06, 2006/11/27
(/usr/local/texlive/2015/texmf-dist/tex/generic/pst-node/pst-node.tex))
File: pst-coil.tex 2015/05/13 v1.07 `PST-coil' (tvz,hv)
)
(/usr/local/texlive/2015/texmf-dist/tex/latex/pst-text/pst-text.sty
Package: pst-text 2006/01/01 package wrapper for pst-text.tex (hv)

(/usr/local/texlive/2015/texmf-dist/tex/generic/pst-text/pst-text.tex
 v1.00, 2006/11/05(tvz,hv))
File: pst-text.tex 2006/11/05 1.00 `pst-text' (tvz)
)
(/usr/local/texlive/2015/texmf-dist/tex/latex/pst-3d/pst-3d.sty
Package: pst-3d 2009/07/28 package wrapper for pst-3d.tex (hv)

(/usr/local/texlive/2015/texmf-dist/tex/generic/pst-3d/pst-3d.tex
`PST-3d' v1.11, 2010/02/14 (tvz))
File: pst-3d.tex 2010/02/14 v1.11 `PST-3d' (hv)
)
(/usr/local/texlive/2015/texmf-dist/tex/latex/pst-eps/pst-eps.sty
Package: pst-eps 2005/05/20 package wrapper for pst-eps.tex (hv)

(/usr/local/texlive/2015/texmf-dist/tex/generic/pst-eps/pst-eps.tex
 v1.00, 2006/11/04
\pst@epsout=\write3
\pst@tempout=\write4
)
File: pst-eps.tex 2006/11/04 1.00 `pst-eps' (tvz)
)
(/usr/local/texlive/2015/texmf-dist/tex/latex/pst-fill/pst-fill.sty
Package: pst-fill 2005/09/13 package wrapper for pst-fill.tex (hv)

(/usr/local/texlive/2015/texmf-dist/tex/generic/pst-fill/pst-fill.tex
`PST-Fill' v1.01, 2007/03/10 (tvz,dg,hv)
\pst@fillbox=\box37
)
File: pst-fill.tex 2007/03/10 v1.01 `PST-fill' (tvz,dg)
)
(/usr/local/texlive/2015/texmf-dist/tex/latex/pstricks-add/pstricks-add.sty
(/usr/local/texlive/2015/texmf-dist/tex/latex/pst-math/pst-math.sty
Package: pst-math 2014/07/30 package wrapper for PSTricks pst-math.tex

(/usr/local/texlive/2015/texmf-dist/tex/generic/pst-math/pst-math.tex
`pst-math' v0.63 , (CJ,hv))
File: pst-math.tex 2014/07/30 v0.63 `PST-math' (hv)
)
Package: pstricks-add 2010/02/11 v. 0.14 package wrapper for pstricks-add.tex (
hv)

(/usr/local/texlive/2015/texmf-dist/tex/generic/pstricks-add/pstricks-add.tex
`pstricks-add' v3.77, 2014/12/08 (dr,hv)
\psparallelogramsep=\dimen187
\pshooklength=\dimen188
\pshookwidth=\dimen189
\pst@cntC=\count163
\chart@ColorIndex=\dimen190
\chart@ColorStep=\dimen191
\pst@chartHeight=\dimen192
\pst@chartStackDepth=\dimen193
\pst@chartStackWidth=\dimen194
\chart@Toggle=\count164
\psVectorCtr=\count165
)
File: pstricks-add.tex 2014/12/08 v3.77 `PSTricks-add' (hv)
Package pstricks-add Info: Local config file pstricks-add.cfg used on input lin
e 20.

(/usr/local/texlive/2015/texmf-dist/tex/latex/pstricks-add/pstricks-add.cfg
File: pstricks-add.cfg 2005/01/10 v0.1 addtional user stuff (hv)
)))
(/usr/local/texlive/2015/texmf-dist/tex/latex/pst-poly/pst-poly.sty
Package: pst-poly 2009/12/20 package wrapper for pst-poly.tex (dg,hv)

(/usr/local/texlive/2015/texmf-dist/tex/generic/pst-poly/pst-poly.tex
`PST-Polygon' v1.63, 2014/08/28 (DG/hv)
\PstPoly@IntermediatePointDim=\dimen195
)
File: pst-poly.tex 2014/08/28 v1.63 `PST-poly' (dg,hv)
)
(/usr/local/texlive/2015/texmf-dist/tex/latex/caption/caption.sty
Package: caption 2013/05/02 v3.3-89 Customizing captions (AR)

(/usr/local/texlive/2015/texmf-dist/tex/latex/caption/caption3.sty
Package: caption3 2013/05/02 v1.6-88 caption3 kernel (AR)
Package caption3 Info: TeX engine: e-TeX on input line 57.
\captionmargin=\dimen196
\captionmargin@=\dimen197
\captionwidth=\dimen198
\caption@tempdima=\dimen199
\caption@indent=\dimen200
\caption@parindent=\dimen201
\caption@hangindent=\dimen202
)
\c@ContinuedFloat=\count166
Package caption Info: hyperref package is loaded.
)
(/usr/local/texlive/2015/texmf-dist/tex/latex/caption/subcaption.sty
Package: subcaption 2013/02/03 v1.1-62 Sub-captions (AR)
\c@subfigure=\count167
\c@subtable=\count168
)
(/usr/local/texlive/2015/texmf-dist/tex/latex/setspace/setspace.sty
Package: setspace 2011/12/19 v6.7a set line spacing
)
(/usr/local/texlive/2015/texmf-dist/tex/latex/base/inputenc.sty
Package: inputenc 2015/03/17 v1.2c Input encoding file
\inpenc@prehook=\toks46
\inpenc@posthook=\toks47

(/usr/local/texlive/2015/texmf-dist/tex/latex/base/utf8.def
File: utf8.def 2014/09/29 v1.1m UTF-8 support for inputenc
Now handling font encoding OML ...
... no UTF-8 mapping file for font encoding OML
Now handling font encoding T1 ...
... processing UTF-8 mapping file for font encoding T1

(/usr/local/texlive/2015/texmf-dist/tex/latex/base/t1enc.dfu
File: t1enc.dfu 2014/09/29 v1.1m UTF-8 support for inputenc
   defining Unicode char U+00A1 (decimal 161)
   defining Unicode char U+00A3 (decimal 163)
   defining Unicode char U+00AB (decimal 171)
   defining Unicode char U+00BB (decimal 187)
   defining Unicode char U+00BF (decimal 191)
   defining Unicode char U+00C0 (decimal 192)
   defining Unicode char U+00C1 (decimal 193)
   defining Unicode char U+00C2 (decimal 194)
   defining Unicode char U+00C3 (decimal 195)
   defining Unicode char U+00C4 (decimal 196)
   defining Unicode char U+00C5 (decimal 197)
   defining Unicode char U+00C6 (decimal 198)
   defining Unicode char U+00C7 (decimal 199)
   defining Unicode char U+00C8 (decimal 200)
   defining Unicode char U+00C9 (decimal 201)
   defining Unicode char U+00CA (decimal 202)
   defining Unicode char U+00CB (decimal 203)
   defining Unicode char U+00CC (decimal 204)
   defining Unicode char U+00CD (decimal 205)
   defining Unicode char U+00CE (decimal 206)
   defining Unicode char U+00CF (decimal 207)
   defining Unicode char U+00D0 (decimal 208)
   defining Unicode char U+00D1 (decimal 209)
   defining Unicode char U+00D2 (decimal 210)
   defining Unicode char U+00D3 (decimal 211)
   defining Unicode char U+00D4 (decimal 212)
   defining Unicode char U+00D5 (decimal 213)
   defining Unicode char U+00D6 (decimal 214)
   defining Unicode char U+00D8 (decimal 216)
   defining Unicode char U+00D9 (decimal 217)
   defining Unicode char U+00DA (decimal 218)
   defining Unicode char U+00DB (decimal 219)
   defining Unicode char U+00DC (decimal 220)
   defining Unicode char U+00DD (decimal 221)
   defining Unicode char U+00DE (decimal 222)
   defining Unicode char U+00DF (decimal 223)
   defining Unicode char U+00E0 (decimal 224)
   defining Unicode char U+00E1 (decimal 225)
   defining Unicode char U+00E2 (decimal 226)
   defining Unicode char U+00E3 (decimal 227)
   defining Unicode char U+00E4 (decimal 228)
   defining Unicode char U+00E5 (decimal 229)
   defining Unicode char U+00E6 (decimal 230)
   defining Unicode char U+00E7 (decimal 231)
   defining Unicode char U+00E8 (decimal 232)
   defining Unicode char U+00E9 (decimal 233)
   defining Unicode char U+00EA (decimal 234)
   defining Unicode char U+00EB (decimal 235)
   defining Unicode char U+00EC (decimal 236)
   defining Unicode char U+00ED (decimal 237)
   defining Unicode char U+00EE (decimal 238)
   defining Unicode char U+00EF (decimal 239)
   defining Unicode char U+00F0 (decimal 240)
   defining Unicode char U+00F1 (decimal 241)
   defining Unicode char U+00F2 (decimal 242)
   defining Unicode char U+00F3 (decimal 243)
   defining Unicode char U+00F4 (decimal 244)
   defining Unicode char U+00F5 (decimal 245)
   defining Unicode char U+00F6 (decimal 246)
   defining Unicode char U+00F8 (decimal 248)
   defining Unicode char U+00F9 (decimal 249)
   defining Unicode char U+00FA (decimal 250)
   defining Unicode char U+00FB (decimal 251)
   defining Unicode char U+00FC (decimal 252)
   defining Unicode char U+00FD (decimal 253)
   defining Unicode char U+00FE (decimal 254)
   defining Unicode char U+00FF (decimal 255)
   defining Unicode char U+0102 (decimal 258)
   defining Unicode char U+0103 (decimal 259)
   defining Unicode char U+0104 (decimal 260)
   defining Unicode char U+0105 (decimal 261)
   defining Unicode char U+0106 (decimal 262)
   defining Unicode char U+0107 (decimal 263)
   defining Unicode char U+010C (decimal 268)
   defining Unicode char U+010D (decimal 269)
   defining Unicode char U+010E (decimal 270)
   defining Unicode char U+010F (decimal 271)
   defining Unicode char U+0110 (decimal 272)
   defining Unicode char U+0111 (decimal 273)
   defining Unicode char U+0118 (decimal 280)
   defining Unicode char U+0119 (decimal 281)
   defining Unicode char U+011A (decimal 282)
   defining Unicode char U+011B (decimal 283)
   defining Unicode char U+011E (decimal 286)
   defining Unicode char U+011F (decimal 287)
   defining Unicode char U+0130 (decimal 304)
   defining Unicode char U+0131 (decimal 305)
   defining Unicode char U+0132 (decimal 306)
   defining Unicode char U+0133 (decimal 307)
   defining Unicode char U+0139 (decimal 313)
   defining Unicode char U+013A (decimal 314)
   defining Unicode char U+013D (decimal 317)
   defining Unicode char U+013E (decimal 318)
   defining Unicode char U+0141 (decimal 321)
   defining Unicode char U+0142 (decimal 322)
   defining Unicode char U+0143 (decimal 323)
   defining Unicode char U+0144 (decimal 324)
   defining Unicode char U+0147 (decimal 327)
   defining Unicode char U+0148 (decimal 328)
   defining Unicode char U+014A (decimal 330)
   defining Unicode char U+014B (decimal 331)
   defining Unicode char U+0150 (decimal 336)
   defining Unicode char U+0151 (decimal 337)
   defining Unicode char U+0152 (decimal 338)
   defining Unicode char U+0153 (decimal 339)
   defining Unicode char U+0154 (decimal 340)
   defining Unicode char U+0155 (decimal 341)
   defining Unicode char U+0158 (decimal 344)
   defining Unicode char U+0159 (decimal 345)
   defining Unicode char U+015A (decimal 346)
   defining Unicode char U+015B (decimal 347)
   defining Unicode char U+015E (decimal 350)
   defining Unicode char U+015F (decimal 351)
   defining Unicode char U+0160 (decimal 352)
   defining Unicode char U+0161 (decimal 353)
   defining Unicode char U+0162 (decimal 354)
   defining Unicode char U+0163 (decimal 355)
   defining Unicode char U+0164 (decimal 356)
   defining Unicode char U+0165 (decimal 357)
   defining Unicode char U+016E (decimal 366)
   defining Unicode char U+016F (decimal 367)
   defining Unicode char U+0170 (decimal 368)
   defining Unicode char U+0171 (decimal 369)
   defining Unicode char U+0178 (decimal 376)
   defining Unicode char U+0179 (decimal 377)
   defining Unicode char U+017A (decimal 378)
   defining Unicode char U+017B (decimal 379)
   defining Unicode char U+017C (decimal 380)
   defining Unicode char U+017D (decimal 381)
   defining Unicode char U+017E (decimal 382)
   defining Unicode char U+200C (decimal 8204)
   defining Unicode char U+2013 (decimal 8211)
   defining Unicode char U+2014 (decimal 8212)
   defining Unicode char U+2018 (decimal 8216)
   defining Unicode char U+2019 (decimal 8217)
   defining Unicode char U+201A (decimal 8218)
   defining Unicode char U+201C (decimal 8220)
   defining Unicode char U+201D (decimal 8221)
   defining Unicode char U+201E (decimal 8222)
   defining Unicode char U+2030 (decimal 8240)
   defining Unicode char U+2031 (decimal 8241)
   defining Unicode char U+2039 (decimal 8249)
   defining Unicode char U+203A (decimal 8250)
   defining Unicode char U+2423 (decimal 9251)
)
Now handling font encoding OT1 ...
... processing UTF-8 mapping file for font encoding OT1

(/usr/local/texlive/2015/texmf-dist/tex/latex/base/ot1enc.dfu
File: ot1enc.dfu 2014/09/29 v1.1m UTF-8 support for inputenc
   defining Unicode char U+00A1 (decimal 161)
   defining Unicode char U+00A3 (decimal 163)
   defining Unicode char U+00B8 (decimal 184)
   defining Unicode char U+00BF (decimal 191)
   defining Unicode char U+00C5 (decimal 197)
   defining Unicode char U+00C6 (decimal 198)
   defining Unicode char U+00D8 (decimal 216)
   defining Unicode char U+00DF (decimal 223)
   defining Unicode char U+00E6 (decimal 230)
   defining Unicode char U+00EC (decimal 236)
   defining Unicode char U+00ED (decimal 237)
   defining Unicode char U+00EE (decimal 238)
   defining Unicode char U+00EF (decimal 239)
   defining Unicode char U+00F8 (decimal 248)
   defining Unicode char U+0131 (decimal 305)
   defining Unicode char U+0141 (decimal 321)
   defining Unicode char U+0142 (decimal 322)
   defining Unicode char U+0152 (decimal 338)
   defining Unicode char U+0153 (decimal 339)
   defining Unicode char U+2013 (decimal 8211)
   defining Unicode char U+2014 (decimal 8212)
   defining Unicode char U+2018 (decimal 8216)
   defining Unicode char U+2019 (decimal 8217)
   defining Unicode char U+201C (decimal 8220)
   defining Unicode char U+201D (decimal 8221)
)
Now handling font encoding OMS ...
... processing UTF-8 mapping file for font encoding OMS

(/usr/local/texlive/2015/texmf-dist/tex/latex/base/omsenc.dfu
File: omsenc.dfu 2014/09/29 v1.1m UTF-8 support for inputenc
   defining Unicode char U+00A7 (decimal 167)
   defining Unicode char U+00B6 (decimal 182)
   defining Unicode char U+00B7 (decimal 183)
   defining Unicode char U+2020 (decimal 8224)
   defining Unicode char U+2021 (decimal 8225)
   defining Unicode char U+2022 (decimal 8226)
)
Now handling font encoding OMX ...
... no UTF-8 mapping file for font encoding OMX
Now handling font encoding U ...
... no UTF-8 mapping file for font encoding U
Now handling font encoding PD1 ...
... no UTF-8 mapping file for font encoding PD1
   defining Unicode char U+00A9 (decimal 169)
   defining Unicode char U+00AA (decimal 170)
   defining Unicode char U+00AE (decimal 174)
   defining Unicode char U+00BA (decimal 186)
   defining Unicode char U+02C6 (decimal 710)
   defining Unicode char U+02DC (decimal 732)
   defining Unicode char U+200C (decimal 8204)
   defining Unicode char U+2026 (decimal 8230)
   defining Unicode char U+2122 (decimal 8482)
   defining Unicode char U+2423 (decimal 9251)
))
LaTeX Font Info:    Try loading font information for T1+txtt on input line 42.

(/usr/local/texlive/2015/texmf-dist/tex/latex/txfonts/t1txtt.fd
File: t1txtt.fd 2000/12/15 v3.1
)
(/usr/local/texlive/2015/texmf-dist/tex/latex/listings/listings.sty
\lst@mode=\count169
\lst@gtempboxa=\box38
\lst@token=\toks48
\lst@length=\count170
\lst@currlwidth=\dimen203
\lst@column=\count171
\lst@pos=\count172
\lst@lostspace=\dimen204
\lst@width=\dimen205
\lst@newlines=\count173
\lst@lineno=\count174
\lst@maxwidth=\dimen206

(/usr/local/texlive/2015/texmf-dist/tex/latex/listings/lstmisc.sty
File: lstmisc.sty 2014/09/06 1.5e (Carsten Heinz)
\c@lstnumber=\count175
\lst@skipnumbers=\count176
\lst@framebox=\box39
)
(/usr/local/texlive/2015/texmf-dist/tex/latex/listings/listings.cfg
File: listings.cfg 2014/09/06 1.5e listings configuration
))
Package: listings 2014/09/06 1.5e (Carsten Heinz)

(./yuhowNote.aux)
\openout1 = `yuhowNote.aux'.

LaTeX Font Info:    Checking defaults for OML/cmm/m/it on input line 93.
LaTeX Font Info:    ... okay on input line 93.
LaTeX Font Info:    Checking defaults for T1/cmr/m/n on input line 93.
LaTeX Font Info:    ... okay on input line 93.
LaTeX Font Info:    Checking defaults for OT1/cmr/m/n on input line 93.
LaTeX Font Info:    ... okay on input line 93.
LaTeX Font Info:    Checking defaults for OMS/cmsy/m/n on input line 93.
LaTeX Font Info:    ... okay on input line 93.
LaTeX Font Info:    Checking defaults for OMX/cmex/m/n on input line 93.
LaTeX Font Info:    ... okay on input line 93.
LaTeX Font Info:    Checking defaults for U/cmr/m/n on input line 93.
LaTeX Font Info:    ... okay on input line 93.
LaTeX Font Info:    Checking defaults for PD1/pdf/m/n on input line 93.
LaTeX Font Info:    ... okay on input line 93.

*geometry* detected driver: dvips
*geometry* verbose mode - [ preamble ] result:
* driver: dvips
* paper: a4paper
* layout: <same size as paper>
* layoutoffset:(h,v)=(0.0pt,0.0pt)
* modes: 
* h-part:(L,W,R)=(63.87643pt, 469.75499pt, 63.87645pt)
* v-part:(T,H,B)=(77.84674pt, 650.43pt, 116.77011pt)
* \paperwidth=597.50787pt
* \paperheight=845.04684pt
* \textwidth=469.75499pt
* \textheight=650.43pt
* \oddsidemargin=-8.39355pt
* \evensidemargin=-8.39355pt
* \topmargin=-31.42325pt
* \headheight=12.0pt
* \headsep=25.0pt
* \topskip=12.0pt
* \footskip=30.0pt
* \marginparwidth=35.0pt
* \marginparsep=10.0pt
* \columnsep=10.0pt
* \skip\footins=10.8pt plus 4.0pt minus 2.0pt
* \hoffset=0.0pt
* \voffset=0.0pt
* \mag=1000
* \@twocolumnfalse
* \@twosidefalse
* \@mparswitchfalse
* \@reversemarginfalse
* (1in=72.27pt=25.4mm, 1cm=28.453pt)

\AtBeginShipoutBox=\box40
Package hyperref Info: Link coloring ON on input line 93.
(/usr/local/texlive/2015/texmf-dist/tex/latex/hyperref/nameref.sty
Package: nameref 2012/10/27 v2.43 Cross-referencing by name of section

(/usr/local/texlive/2015/texmf-dist/tex/generic/oberdiek/gettitlestring.sty
Package: gettitlestring 2010/12/03 v1.4 Cleanup title references (HO)
)
\c@section@level=\count177
)
LaTeX Info: Redefining \ref on input line 93.
LaTeX Info: Redefining \pageref on input line 93.
LaTeX Info: Redefining \nameref on input line 93.

(./yuhowNote.out) (./yuhowNote.out)
\@outlinefile=\write5
\openout5 = `yuhowNote.out'.

Package caption Info: Begin \AtBeginDocument code.
Package caption Info: listings package is loaded.
Package caption Info: End \AtBeginDocument code.
\c@lstlisting=\count178
LaTeX Font Info:    Try loading font information for U+msa on input line 100.

(/usr/local/texlive/2015/texmf-dist/tex/latex/amsfonts/umsa.fd
File: umsa.fd 2013/01/14 v3.01 AMS symbols A
)
LaTeX Font Info:    Try loading font information for U+msb on input line 100.

(/usr/local/texlive/2015/texmf-dist/tex/latex/amsfonts/umsb.fd
File: umsb.fd 2013/01/14 v3.01 AMS symbols B
)
(./yuhowNote.toc)
\tf@toc=\write6
\openout6 = `yuhowNote.toc'.

 [1
color push gray 0
color pop
color push gray 0
color pop

color push gray 0
color push gray 0
color pop
color push rgb 1 0 0
color pop
color push rgb 1 0 0
color pop
color push rgb 1 0 0
color pop
color push gray 0
color pop
color push rgb 1 0 0
color pop
color push gray 0
color pop
color push rgb 1 0 0
color pop
color push rgb 1 0 0
color pop
color push rgb 1 0 0
color pop
color push gray 0
color pop
color push rgb 1 0 0
color pop
color push gray 0
color pop
color push rgb 1 0 0
color pop
color push gray 0
color pop
color push rgb 1 0 0
color pop
color push gray 0
color pop
color push rgb 1 0 0
color pop
color push gray 0
color pop
color push rgb 1 0 0
color pop
color push gray 0
color pop
]
Overfull \hbox (12.62982pt too wide) in paragraph at lines 117--122
\OT1/cmr/m/n/12 pa-per [[]]. Rel-a-tive dis-cus-sion can be found [][][][][][].
 
 []

[2
color push gray 0
color pop
color push gray 0
color pop
color push rgb 0 1 0
color push rgb 0 1 0
color pop
color pop
color push rgb 0 1 0
color push rgb 0 1 0
color pop
color pop
color push cmyk 0 1 0 0
color push cmyk 0 1 0 0
color pop
color pop
color push gray 0
color pop
color push gray 0
color pop
color push gray 0
color pop
color push gray 0
color pop
color push gray 0
color pop
color push gray 0
color pop
color push gray 0
color pop
color push gray 0
color pop
color push gray 0
color pop
color push gray 0
color pop
color push gray 0
color pop
] [3
color push gray 0
color pop
color push gray 0
color pop
color push gray 0
color pop
color push gray 0
color pop
color push gray 0
color pop
color push gray 0
color pop
color push gray 0
color pop
color push gray 0
color pop
color push gray 0
color pop
color push rgb 0 1 0
color push rgb 0 1 0
color pop
color pop
color push gray 0
color pop
]
File: diagram/mesh_and_ce_se_v1.eps Graphic file (type eps)
 <diagram/mesh_and_ce_se_v1.eps> [4
color push gray 0
color pop
color push gray 0
color pop
color push gray 0
color pop
color push gray 0
color pop
color push gray 0
color push gray 0
color pop
color pop
color push rgb 1 0 0
color push rgb 1 0 0
color pop
color pop
color push gray 0
color pop
] [5
color push gray 0
color pop
color push gray 0
color pop
color push gray 0
color pop
color push gray 0
color pop
]
LaTeX Font Info:    Try loading font information for OMS+cmr on input line 338.


(/usr/local/texlive/2015/texmf-dist/tex/latex/base/omscmr.fd
File: omscmr.fd 2014/09/29 v2.5h Standard LaTeX font definitions
)
LaTeX Font Info:    Font shape `OMS/cmr/m/n' in size <12> not available
(Font)              Font shape `OMS/cmsy/m/n' tried instead on input line 338.
 [6
color push gray 0
color pop
color push gray 0
color pop
color push gray 0
color pop
color push rgb 0 1 0
color push rgb 0 1 0
color pop
color pop
color push gray 0
color pop
color push gray 0
color pop
]
File: diagram/sod_shock_tube_1D.eps Graphic file (type eps)

<diagram/sod_shock_tube_1D.eps>
File: diagram/sod_shock_tube_1D_no_diaphragm.eps Graphic file (type eps)
 <diagram/sod_shock_tube_1D_no_diaphragm.eps>
File: diagram/mesh_and_ce.eps Graphic file (type eps)

<diagram/mesh_and_ce.eps> [7
color push gray 0
color pop
color push gray 0
color pop
color push gray 0
color pop
color push gray 0
color pop
color push rgb 1 0 0
color push rgb 1 0 0
color pop
color pop
color push rgb 1 0 0
color push rgb 1 0 0
color pop
color pop
color push rgb 1 0 0
color push rgb 1 0 0
color pop
color pop
color push gray 0
color push gray 0
color pop
color pop
color push rgb 1 0 0
color push rgb 1 0 0
color pop
color pop
color push rgb 1 0 0
color push rgb 1 0 0
color pop
color pop
color push gray 0
color pop
] [8
color push gray 0
color pop
color push gray 0
color pop
color push gray 0
color push gray 0
color pop
color pop
color push gray 0
color push gray 0
color pop
color pop
color push rgb 0 1 0
color push rgb 0 1 0
color pop
color pop
color push rgb 1 0 0
color push rgb 1 0 0
color pop
color pop
color push rgb 0 1 0
color push rgb 0 1 0
color pop
color pop
color push gray 0
color pop
] [9
color push gray 0
color pop
color push gray 0
color pop
color push gray 0
color push gray 0
color pop
color push gray 0
color pop
color pop
color push rgb 0 1 0
color push rgb 0 1 0
color pop
color pop
color push rgb 0 1 0
color push rgb 0 1 0
color pop
color pop
color push gray 0
color pop
]
(/usr/local/texlive/2015/texmf-dist/tex/latex/listings/lstlang1.sty
File: lstlang1.sty 2014/09/06 1.5e listings language file
) [10
color push gray 0
color pop
color push gray 0
color pop
color push gray 0
color pop
color push gray 0
color pop
]
Overfull \hbox (12.51242pt too wide) in paragraph at lines 608--611
\OT1/cmr/m/n/12 Here $\OML/cmm/m/it/12 $ \OT1/cmr/m/n/12 is an ad-justable con
-stant for weight-ing and the func-tion $\OML/cmm/m/it/12 W[]$ \OT1/cmr/m/n/12 
is de-fined by (i) $\OML/cmm/m/it/12 W[]\OT1/cmr/m/n/12 (0\OML/cmm/m/it/12 ; \O
T1/cmr/m/n/12 0\OML/cmm/m/it/12 ; \OT1/cmr/m/n/12 ) =
 []

[11
color push gray 0
color pop
color push gray 0
color pop
color push rgb 0 1 0
color push rgb 0 1 0
color pop
color pop
color push rgb 0 1 0
color push rgb 0 1 0
color pop
color pop
color push rgb 0 1 0
color push rgb 0 1 0
color pop
color pop
color push gray 0
color pop
]
Overfull \hbox (6.84348pt too wide) in paragraph at lines 634--635
[][][][][][][][][][][][][][][][][][][][][][][][][][][][][][][][][][][][][][][][
][][][][][][][][] 
 []

[12
color push gray 0
color pop
color push gray 0
color pop
color push rgb 0 0 0.5
color pop
color push rgb 0 0 0.5
color pop
color push rgb 0 0 0.5
color pop
color push rgb 0 0 0.5
color pop
color push gray 0
color pop
color push rgb 1 0 0
color push rgb 1 0 0
color pop
color pop
color push rgb 0 0 0.5
color pop
color push rgb 0 0.5 0
color pop
color push rgb 0 0.5 0
color pop
color push rgb 0 0.5 0
color pop
color push rgb 0 0 0.5
color pop
color push rgb 0 0 0.5
color pop
color push rgb 0 0 0.5
color pop
color push gray 0
color pop
]
LaTeX Font Info:    Try loading font information for OML+cmr on input line 692.

 (/usr/local/texlive/2015/texmf-dist/tex/latex/base/omlcmr.fd
File: omlcmr.fd 2014/09/29 v2.5h Standard LaTeX font definitions
)
LaTeX Font Info:    Font shape `OML/cmr/m/n' in size <12> not available
(Font)              Font shape `OML/cmm/m/it' tried instead on input line 692.
 [13
color push gray 0
color pop
color push gray 0
color pop
color push rgb 0 0 0.5
color pop
color push rgb 0 0 0.5
color pop
color push rgb 0 0 0.5
color pop
color push rgb 0 0 0.5
color pop
color push rgb 0 0 0.5
color pop
color push rgb 0 0 0.5
color pop
color push rgb 0 0 0.5
color pop
color push rgb 0 0 0.5
color pop
color push rgb 0 0 0.5
color pop
color push rgb 0 0 0.5
color pop
color push rgb 0 0 0.5
color pop
color push rgb 0 0 0.5
color pop
color push rgb 0 0 0.5
color pop
color push rgb 0 0 0.5
color pop
color push rgb 0 0 0.5
color pop
color push rgb 0 0 0.5
color pop
color push rgb 0 0 0.5
color pop
color push rgb 0 0 0.5
color pop
color push rgb 0 0 0.5
color pop
color push rgb 0 0 0.5
color pop
color push gray 0
color pop
]
LaTeX Font Info:    Font shape `OML/cmr/m/it' in size <12> not available
(Font)              Font shape `OML/cmm/m/it' tried instead on input line 729.

[14
color push gray 0
color pop
color push gray 0
color pop
color push rgb 0 0 0.5
color pop
color push rgb 0 0 0.5
color pop
color push rgb 0 0 0.5
color pop
color push rgb 0 0 0.5
color pop
color push rgb 0 0 0.5
color pop
color push rgb 0 0 0.5
color pop
color push rgb 0 0 0.5
color pop
color push rgb 0 0 0.5
color pop
color push rgb 0 0 0.5
color pop
color push rgb 0 0 0.5
color pop
color push rgb 0 0 0.5
color pop
color push gray 0
color pop
]
LaTeX Font Info:    Font shape `OMS/cmr/m/it' in size <12> not available
(Font)              Font shape `OMS/cmsy/m/n' tried instead on input line 742.

Overfull \hbox (16.12033pt too wide) in paragraph at lines 742--743
[][][][][][][][][][][][][][][][][][][][][][][][][][][][][][][][][][][][][][][][
][][][][][][][][][][][][][][] 
 []


Overfull \hbox (6.84348pt too wide) in paragraph at lines 761--762
[][][][][][][][][][][][][][][][][][][][][][][][][][][][][][][][][][][][][][][][
][][][][][][][][][] 
 []


Overfull \hbox (31.7003pt too wide) in paragraph at lines 767--768
[][][][][][][][][][][][][][][][][][][][][][][][][][][][][][][][][][][][][][][][
][][] 
 []

[15
color push gray 0
color pop
color push gray 0
color pop
color push rgb 0 0 0.5
color pop
color push rgb 0 0 0.5
color pop
color push rgb 0 0 0.5
color pop
color push rgb 0 0 0.5
color pop
color push rgb 0 0 0.5
color pop
color push rgb 0 0 0.5
color pop
color push rgb 0 0 0.5
color pop
color push rgb 0 0 0.5
color pop
color push rgb 0 0 0.5
color pop
color push rgb 0 0 0.5
color pop
color push rgb 0 0 0.5
color pop
color push gray 0
color pop
] [16
color push gray 0
color pop
color push gray 0
color pop
color push rgb 0 0 0.5
color pop
color push rgb 0 0 0.5
color pop
color push rgb 0 0 0.5
color pop
color push rgb 0 0 0.5
color pop
color push rgb 0 0 0.5
color pop
color push rgb 0 0 0.5
color pop
color push rgb 0 0.5 0
color pop
color push rgb 0 0.5 0
color pop
color push rgb 0 0.5 0
color pop
color push rgb 0 0.5 0
color pop
color push rgb 0 0.5 0
color pop
color push rgb 0 0.5 0
color pop
color push rgb 0 0.5 0
color pop
color push rgb 0 0.5 0
color pop
color push rgb 0 0.5 0
color pop
color push rgb 0 0.5 0
color pop
color push rgb 0 0.5 0
color pop
color push rgb 0 0.5 0
color pop
color push rgb 0 0.5 0
color pop
color push rgb 0 0.5 0
color pop
color push rgb 0 0.5 0
color pop
color push rgb 0 0.5 0
color pop
color push rgb 0 0.5 0
color pop
color push rgb 0 0.5 0
color pop
color push rgb 0 0.5 0
color pop
color push rgb 0 0.5 0
color pop
color push rgb 0 0.5 0
color pop
color push rgb 0 0.5 0
color pop
color push rgb 0 0.5 0
color pop
color push rgb 0 0.5 0
color pop
color push rgb 0 0.5 0
color pop
color push rgb 0 0.5 0
color pop
color push rgb 0 0.5 0
color pop
color push gray 0
color pop
]
Package atveryend Info: Empty hook `BeforeClearDocument' on input line 839.
 [17
color push gray 0
color pop
color push gray 0
color pop
color push rgb 0 0 0.5
color pop
color push rgb 0 0 0.5
color pop
color push rgb 0 0.5 0
color pop
color push rgb 0 0.5 0
color pop
color push rgb 0 0.5 0
color pop
color push rgb 0 0.5 0
color pop
color push rgb 0 0.5 0
color pop
color push rgb 0 0.5 0
color pop
color push rgb 0 0.5 0
color pop
color push rgb 0 0.5 0
color pop
color push rgb 0 0.5 0
color pop
color push rgb 0 0.5 0
color pop
color push rgb 0 0.5 0
color pop
color push rgb 0 0 0.5
color pop
color push rgb 0 0 0.5
color pop
color push rgb 0 0 0.5
color pop
color push rgb 0 0 0.5
color pop
color push rgb 0 0 0.5
color pop
color push rgb 0 0.5 0
color pop
color push rgb 0 0.5 0
color pop
color push rgb 0 0.5 0
color pop
color push rgb 0 0 0.5
color pop
color push rgb 0 0.5 0
color pop
color push rgb 0 0.5 0
color pop
color push rgb 0 0.5 0
color pop
color push rgb 0 0 0.5
color pop
color push rgb 0 0.5 0
color pop
color push rgb 0 0.5 0
color pop
color push rgb 0 0.5 0
color pop
color push rgb 0 0 0.5
color pop
color push rgb 0 0.5 0
color pop
color push rgb 0 0.5 0
color pop
color push rgb 0 0.5 0
color pop
color push rgb 0 0.5 0
color pop
color push rgb 0 0 0.5
color pop
color push rgb 0 0.5 0
color pop
color push rgb 0 0.5 0
color pop
color push rgb 0 0.5 0
color pop
color push rgb 0 0.5 0
color pop
color push rgb 0 0.5 0
color pop
color push gray 0
color pop
color push gray 0
color pop
color push rgb 0 1 0
color push rgb 0 1 0
color pop
color pop
color push gray 0
color pop
color push rgb 0 1 0
color push rgb 0 1 0
color pop
color pop
color push gray 0
color pop
color push gray 0
color pop
color push gray 0
color pop
]
Package atveryend Info: Empty hook `AfterLastShipout' on input line 839.
 (./yuhowNote.aux)
Package atveryend Info: Empty hook `AtVeryEndDocument' on input line 839.
Package atveryend Info: Executing hook `AtEndAfterFileList' on input line 839.
Package rerunfilecheck Info: File `yuhowNote.out' has not changed.
(rerunfilecheck)             Checksum: 49792835637738A3B2A6EDF489FE67E8;799.
Package atveryend Info: Empty hook `AtVeryVeryEnd' on input line 839.
 ) 
Here is how much of TeX's memory you used:
 19502 strings out of 493090
 320196 string characters out of 6134867
 503622 words of memory out of 5000000
 22650 multiletter control sequences out of 15000+600000
 14028 words of font info for 53 fonts, out of 8000000 for 9000
 1141 hyphenation exceptions out of 8191
 53i,13n,92p,628b,1943s stack positions out of 5000i,500n,10000p,200000b,80000s

Output written on yuhowNote.dvi (17 pages, 116284 bytes).
